import _frozen_importlib # frozen
import _imp # builtin
import '_thread' # <class '_frozen_importlib.BuiltinImporter'>
import '_warnings' # <class '_frozen_importlib.BuiltinImporter'>
import '_weakref' # <class '_frozen_importlib.BuiltinImporter'>
# installing zipimport hook
import 'zipimport' # <class '_frozen_importlib.BuiltinImporter'>
# installed zipimport hook
import '_frozen_importlib_external' # <class '_frozen_importlib.FrozenImporter'>
import '_io' # <class '_frozen_importlib.BuiltinImporter'>
import 'marshal' # <class '_frozen_importlib.BuiltinImporter'>
import 'posix' # <class '_frozen_importlib.BuiltinImporter'>
import _thread # previously loaded ('_thread')
import '_thread' # <class '_frozen_importlib.BuiltinImporter'>
import _weakref # previously loaded ('_weakref')
import '_weakref' # <class '_frozen_importlib.BuiltinImporter'>
# /usr/lib/python-exec/python3.7/../../../lib/python3.7/encodings/__pycache__/__init__.cpython-37.pyc matches /usr/lib/python-exec/python3.7/../../../lib/python3.7/encodings/__init__.py
# code object from '/usr/lib/python-exec/python3.7/../../../lib/python3.7/encodings/__pycache__/__init__.cpython-37.pyc'
# /usr/lib/python-exec/python3.7/../../../lib/python3.7/__pycache__/codecs.cpython-37.pyc matches /usr/lib/python-exec/python3.7/../../../lib/python3.7/codecs.py
# code object from '/usr/lib/python-exec/python3.7/../../../lib/python3.7/__pycache__/codecs.cpython-37.pyc'
import '_codecs' # <class '_frozen_importlib.BuiltinImporter'>
import 'codecs' # <_frozen_importlib_external.SourceFileLoader object at 0x7f9e5c79e450>
# /usr/lib/python-exec/python3.7/../../../lib/python3.7/encodings/__pycache__/aliases.cpython-37.pyc matches /usr/lib/python-exec/python3.7/../../../lib/python3.7/encodings/aliases.py
# code object from '/usr/lib/python-exec/python3.7/../../../lib/python3.7/encodings/__pycache__/aliases.cpython-37.pyc'
import 'encodings.aliases' # <_frozen_importlib_external.SourceFileLoader object at 0x7f9e5c7bb6d0>
import 'encodings' # <_frozen_importlib_external.SourceFileLoader object at 0x7f9e5c819890>
# /usr/lib/python-exec/python3.7/../../../lib/python3.7/encodings/__pycache__/utf_8.cpython-37.pyc matches /usr/lib/python-exec/python3.7/../../../lib/python3.7/encodings/utf_8.py
# code object from '/usr/lib/python-exec/python3.7/../../../lib/python3.7/encodings/__pycache__/utf_8.cpython-37.pyc'
import 'encodings.utf_8' # <_frozen_importlib_external.SourceFileLoader object at 0x7f9e5c79e410>
import '_signal' # <class '_frozen_importlib.BuiltinImporter'>
# /usr/lib/python-exec/python3.7/../../../lib/python3.7/encodings/__pycache__/latin_1.cpython-37.pyc matches /usr/lib/python-exec/python3.7/../../../lib/python3.7/encodings/latin_1.py
# code object from '/usr/lib/python-exec/python3.7/../../../lib/python3.7/encodings/__pycache__/latin_1.cpython-37.pyc'
import 'encodings.latin_1' # <_frozen_importlib_external.SourceFileLoader object at 0x7f9e5c7c2e90>
# /usr/lib/python-exec/python3.7/../../../lib/python3.7/__pycache__/io.cpython-37.pyc matches /usr/lib/python-exec/python3.7/../../../lib/python3.7/io.py
# code object from '/usr/lib/python-exec/python3.7/../../../lib/python3.7/__pycache__/io.cpython-37.pyc'
# /usr/lib/python-exec/python3.7/../../../lib/python3.7/__pycache__/abc.cpython-37.pyc matches /usr/lib/python-exec/python3.7/../../../lib/python3.7/abc.py
# code object from '/usr/lib/python-exec/python3.7/../../../lib/python3.7/__pycache__/abc.cpython-37.pyc'
import '_abc' # <class '_frozen_importlib.BuiltinImporter'>
import 'abc' # <_frozen_importlib_external.SourceFileLoader object at 0x7f9e5c7c68d0>
import 'io' # <_frozen_importlib_external.SourceFileLoader object at 0x7f9e5c7c6190>
# /usr/lib/python-exec/python3.7/../../../lib/python3.7/__pycache__/_bootlocale.cpython-37.pyc matches /usr/lib/python-exec/python3.7/../../../lib/python3.7/_bootlocale.py
# code object from '/usr/lib/python-exec/python3.7/../../../lib/python3.7/__pycache__/_bootlocale.cpython-37.pyc'
import '_locale' # <class '_frozen_importlib.BuiltinImporter'>
import '_bootlocale' # <_frozen_importlib_external.SourceFileLoader object at 0x7f9e5c7cb590>
Python 3.7.5 (default, Feb  3 2020, 18:28:31) 
[GCC 9.2.0] on linux
Type "help", "copyright", "credits" or "license" for more information.
running egg_info
writing implicit_namespace_foo.egg-info/PKG-INFO
writing dependency_links to implicit_namespace_foo.egg-info/dependency_links.txt
writing namespace_packages to implicit_namespace_foo.egg-info/namespace_packages.txt
writing requirements to implicit_namespace_foo.egg-info/requires.txt
writing top-level names to implicit_namespace_foo.egg-info/top_level.txt
reading manifest file 'implicit_namespace_foo.egg-info/SOURCES.txt'
reading manifest template 'MANIFEST.in'
warning: no files found matching '*.rst'
writing manifest file 'implicit_namespace_foo.egg-info/SOURCES.txt'
running sdist
running egg_info
writing implicit_namespace_foo.egg-info/PKG-INFO
writing dependency_links to implicit_namespace_foo.egg-info/dependency_links.txt
writing namespace_packages to implicit_namespace_foo.egg-info/namespace_packages.txt
writing requirements to implicit_namespace_foo.egg-info/requires.txt
writing top-level names to implicit_namespace_foo.egg-info/top_level.txt
reading manifest file 'implicit_namespace_foo.egg-info/SOURCES.txt'
reading manifest template 'MANIFEST.in'
warning: no files found matching '*.rst'
writing manifest file 'implicit_namespace_foo.egg-info/SOURCES.txt'
running check
creating implicit_namespace_foo--0.0.1-
creating implicit_namespace_foo--0.0.1-/implicit_namespace_foo.egg-info
creating implicit_namespace_foo--0.0.1-/test
creating implicit_namespace_foo--0.0.1-/test/bar
copying files to implicit_namespace_foo--0.0.1-...
copying LICENSE-2.0.txt -> implicit_namespace_foo--0.0.1-
copying MANIFEST.in -> implicit_namespace_foo--0.0.1-
copying README.md -> implicit_namespace_foo--0.0.1-
copying pyproject.toml -> implicit_namespace_foo--0.0.1-
copying setup.cfg -> implicit_namespace_foo--0.0.1-
copying implicit_namespace_foo.egg-info/PKG-INFO -> implicit_namespace_foo--0.0.1-/implicit_namespace_foo.egg-info
copying implicit_namespace_foo.egg-info/SOURCES.txt -> implicit_namespace_foo--0.0.1-/implicit_namespace_foo.egg-info
copying implicit_namespace_foo.egg-info/dependency_links.txt -> implicit_namespace_foo--0.0.1-/implicit_namespace_foo.egg-info
copying implicit_namespace_foo.egg-info/namespace_packages.txt -> implicit_namespace_foo--0.0.1-/implicit_namespace_foo.egg-info
copying implicit_namespace_foo.egg-info/requires.txt -> implicit_namespace_foo--0.0.1-/implicit_namespace_foo.egg-info
copying implicit_namespace_foo.egg-info/top_level.txt -> implicit_namespace_foo--0.0.1-/implicit_namespace_foo.egg-info
copying test/__init__.py -> implicit_namespace_foo--0.0.1-/test
copying test/bar/__init__.py -> implicit_namespace_foo--0.0.1-/test/bar
copying test/bar/test_pep420_implicit_namespace_package.py -> implicit_namespace_foo--0.0.1-/test/bar
Writing implicit_namespace_foo--0.0.1-/setup.cfg
Creating tar archive
removing 'implicit_namespace_foo--0.0.1-' (and everything under it)
running egg_info
writing implicit_namespace_foo.egg-info/PKG-INFO
writing dependency_links to implicit_namespace_foo.egg-info/dependency_links.txt
writing namespace_packages to implicit_namespace_foo.egg-info/namespace_packages.txt
writing requirements to implicit_namespace_foo.egg-info/requires.txt
writing top-level names to implicit_namespace_foo.egg-info/top_level.txt
reading manifest file 'implicit_namespace_foo.egg-info/SOURCES.txt'
reading manifest template 'MANIFEST.in'
warning: no files found matching '*.rst'
writing manifest file 'implicit_namespace_foo.egg-info/SOURCES.txt'
running bdist_wheel
running build
running build_py
installing to build/bdist.linux-x86_64/wheel
running install
running install_lib
copying test/__init__.py -> build/bdist.linux-x86_64/wheel/test
copying test/bar/__init__.py -> build/bdist.linux-x86_64/wheel/test/bar
copying test/bar/test_pep420_implicit_namespace_package.py -> build/bdist.linux-x86_64/wheel/test/bar
running install_egg_info
running egg_info
writing implicit_namespace_foo.egg-info/PKG-INFO
writing dependency_links to implicit_namespace_foo.egg-info/dependency_links.txt
writing namespace_packages to implicit_namespace_foo.egg-info/namespace_packages.txt
writing requirements to implicit_namespace_foo.egg-info/requires.txt
writing top-level names to implicit_namespace_foo.egg-info/top_level.txt
reading manifest file 'implicit_namespace_foo.egg-info/SOURCES.txt'
reading manifest template 'MANIFEST.in'
warning: no files found matching '*.rst'
writing manifest file 'implicit_namespace_foo.egg-info/SOURCES.txt'
Copying implicit_namespace_foo.egg-info to build/bdist.linux-x86_64/wheel/implicit_namespace_foo-_0.0.1_-py3.7.egg-info
Installing build/bdist.linux-x86_64/wheel/implicit_namespace_foo-_0.0.1_-py3.7-nspkg.pth
running install_scripts
creating build/bdist.linux-x86_64/wheel/implicit_namespace_foo-_0.0.1_.dist-info/WHEEL
creating '/tmp/tmpleo9soli/tmpu4pq70ld/implicit_namespace_foo-_0.0.1_-py3-none-any.whl' and adding 'build/bdist.linux-x86_64/wheel' to it
adding 'implicit_namespace_foo-_0.0.1_-py3.7-nspkg.pth'
adding 'test/__init__.py'
adding 'test/bar/__init__.py'
adding 'test/bar/test_pep420_implicit_namespace_package.py'
adding 'implicit_namespace_foo-_0.0.1_.dist-info/LICENSE-2.0.txt'
adding 'implicit_namespace_foo-_0.0.1_.dist-info/METADATA'
adding 'implicit_namespace_foo-_0.0.1_.dist-info/WHEEL'
adding 'implicit_namespace_foo-_0.0.1_.dist-info/namespace_packages.txt'
adding 'implicit_namespace_foo-_0.0.1_.dist-info/top_level.txt'
adding 'implicit_namespace_foo-_0.0.1_.dist-info/RECORD'
removing build/bdist.linux-x86_64/wheel
# /usr/lib/python-exec/python3.7/../../../lib/python3.7/__pycache__/site.cpython-37.pyc matches /usr/lib/python-exec/python3.7/../../../lib/python3.7/site.py
# code object from '/usr/lib/python-exec/python3.7/../../../lib/python3.7/__pycache__/site.cpython-37.pyc'
# /usr/lib/python-exec/python3.7/../../../lib/python3.7/__pycache__/os.cpython-37.pyc matches /usr/lib/python-exec/python3.7/../../../lib/python3.7/os.py
# code object from '/usr/lib/python-exec/python3.7/../../../lib/python3.7/__pycache__/os.cpython-37.pyc'
# /usr/lib/python-exec/python3.7/../../../lib/python3.7/__pycache__/stat.cpython-37.pyc matches /usr/lib/python-exec/python3.7/../../../lib/python3.7/stat.py
# code object from '/usr/lib/python-exec/python3.7/../../../lib/python3.7/__pycache__/stat.cpython-37.pyc'
import '_stat' # <class '_frozen_importlib.BuiltinImporter'>
import 'stat' # <_frozen_importlib_external.SourceFileLoader object at 0x7f9e5c769ad0>
# /usr/lib/python-exec/python3.7/../../../lib/python3.7/__pycache__/posixpath.cpython-37.pyc matches /usr/lib/python-exec/python3.7/../../../lib/python3.7/posixpath.py
# code object from '/usr/lib/python-exec/python3.7/../../../lib/python3.7/__pycache__/posixpath.cpython-37.pyc'
# /usr/lib/python-exec/python3.7/../../../lib/python3.7/__pycache__/genericpath.cpython-37.pyc matches /usr/lib/python-exec/python3.7/../../../lib/python3.7/genericpath.py
# code object from '/usr/lib/python-exec/python3.7/../../../lib/python3.7/__pycache__/genericpath.cpython-37.pyc'
import 'genericpath' # <_frozen_importlib_external.SourceFileLoader object at 0x7f9e5c775910>
import 'posixpath' # <_frozen_importlib_external.SourceFileLoader object at 0x7f9e5c76f410>
# /usr/lib/python-exec/python3.7/../../../lib/python3.7/__pycache__/_collections_abc.cpython-37.pyc matches /usr/lib/python-exec/python3.7/../../../lib/python3.7/_collections_abc.py
# code object from '/usr/lib/python-exec/python3.7/../../../lib/python3.7/__pycache__/_collections_abc.cpython-37.pyc'
import '_collections_abc' # <_frozen_importlib_external.SourceFileLoader object at 0x7f9e5c77c310>
import 'os' # <_frozen_importlib_external.SourceFileLoader object at 0x7f9e5c75dad0>
# /usr/lib/python-exec/python3.7/../../../lib/python3.7/__pycache__/_sitebuiltins.cpython-37.pyc matches /usr/lib/python-exec/python3.7/../../../lib/python3.7/_sitebuiltins.py
# code object from '/usr/lib/python-exec/python3.7/../../../lib/python3.7/__pycache__/_sitebuiltins.cpython-37.pyc'
import '_sitebuiltins' # <_frozen_importlib_external.SourceFileLoader object at 0x7f9e5c75df90>
import 'site' # <_frozen_importlib_external.SourceFileLoader object at 0x7f9e5c7d63d0>
# /usr/lib/python3.7/__pycache__/runpy.cpython-37.pyc matches /usr/lib/python3.7/runpy.py
# code object from '/usr/lib/python3.7/__pycache__/runpy.cpython-37.pyc'
# /usr/lib/python3.7/importlib/__pycache__/__init__.cpython-37.pyc matches /usr/lib/python3.7/importlib/__init__.py
# code object from '/usr/lib/python3.7/importlib/__pycache__/__init__.cpython-37.pyc'
# /usr/lib/python3.7/__pycache__/types.cpython-37.pyc matches /usr/lib/python3.7/types.py
# code object from '/usr/lib/python3.7/__pycache__/types.cpython-37.pyc'
import 'types' # <_frozen_importlib_external.SourceFileLoader object at 0x7f9e5c713ad0>
# /usr/lib/python3.7/__pycache__/warnings.cpython-37.pyc matches /usr/lib/python3.7/warnings.py
# code object from '/usr/lib/python3.7/__pycache__/warnings.cpython-37.pyc'
import 'warnings' # <_frozen_importlib_external.SourceFileLoader object at 0x7f9e5c713c50>
import 'importlib' # <_frozen_importlib_external.SourceFileLoader object at 0x7f9e5c7134d0>
# /usr/lib/python3.7/importlib/__pycache__/machinery.cpython-37.pyc matches /usr/lib/python3.7/importlib/machinery.py
# code object from '/usr/lib/python3.7/importlib/__pycache__/machinery.cpython-37.pyc'
import 'importlib.machinery' # <_frozen_importlib_external.SourceFileLoader object at 0x7f9e5c720a10>
# /usr/lib/python3.7/importlib/__pycache__/util.cpython-37.pyc matches /usr/lib/python3.7/importlib/util.py
# code object from '/usr/lib/python3.7/importlib/__pycache__/util.cpython-37.pyc'
# /usr/lib/python3.7/importlib/__pycache__/abc.cpython-37.pyc matches /usr/lib/python3.7/importlib/abc.py
# code object from '/usr/lib/python3.7/importlib/__pycache__/abc.cpython-37.pyc'
import 'importlib.abc' # <_frozen_importlib_external.SourceFileLoader object at 0x7f9e5c72b490>
# /usr/lib/python3.7/__pycache__/contextlib.cpython-37.pyc matches /usr/lib/python3.7/contextlib.py
# code object from '/usr/lib/python3.7/__pycache__/contextlib.cpython-37.pyc'
# /usr/lib/python3.7/collections/__pycache__/__init__.cpython-37.pyc matches /usr/lib/python3.7/collections/__init__.py
# code object from '/usr/lib/python3.7/collections/__pycache__/__init__.cpython-37.pyc'
# /usr/lib/python3.7/__pycache__/operator.cpython-37.pyc matches /usr/lib/python3.7/operator.py
# code object from '/usr/lib/python3.7/__pycache__/operator.cpython-37.pyc'
import '_operator' # <class '_frozen_importlib.BuiltinImporter'>
import 'operator' # <_frozen_importlib_external.SourceFileLoader object at 0x7f9e5c6e8dd0>
# /usr/lib/python3.7/__pycache__/keyword.cpython-37.pyc matches /usr/lib/python3.7/keyword.py
# code object from '/usr/lib/python3.7/__pycache__/keyword.cpython-37.pyc'
import 'keyword' # <_frozen_importlib_external.SourceFileLoader object at 0x7f9e5c6ecb10>
# /usr/lib/python3.7/__pycache__/heapq.cpython-37.pyc matches /usr/lib/python3.7/heapq.py
# code object from '/usr/lib/python3.7/__pycache__/heapq.cpython-37.pyc'
# extension module '_heapq' loaded from '/usr/lib/python3.7/lib-dynload/_heapq.cpython-37m-x86_64-linux-gnu.so'
# extension module '_heapq' executed from '/usr/lib/python3.7/lib-dynload/_heapq.cpython-37m-x86_64-linux-gnu.so'
import '_heapq' # <_frozen_importlib_external.ExtensionFileLoader object at 0x7f9e5c67f3d0>
import 'heapq' # <_frozen_importlib_external.SourceFileLoader object at 0x7f9e5c67a550>
import 'itertools' # <class '_frozen_importlib.BuiltinImporter'>
# /usr/lib/python3.7/__pycache__/reprlib.cpython-37.pyc matches /usr/lib/python3.7/reprlib.py
# code object from '/usr/lib/python3.7/__pycache__/reprlib.cpython-37.pyc'
import 'reprlib' # <_frozen_importlib_external.SourceFileLoader object at 0x7f9e5c67f6d0>
import '_collections' # <class '_frozen_importlib.BuiltinImporter'>
import 'collections' # <_frozen_importlib_external.SourceFileLoader object at 0x7f9e5c6c7890>
# /usr/lib/python3.7/__pycache__/functools.cpython-37.pyc matches /usr/lib/python3.7/functools.py
# code object from '/usr/lib/python3.7/__pycache__/functools.cpython-37.pyc'
import '_functools' # <class '_frozen_importlib.BuiltinImporter'>
import 'functools' # <_frozen_importlib_external.SourceFileLoader object at 0x7f9e5c6c7f90>
import 'contextlib' # <_frozen_importlib_external.SourceFileLoader object at 0x7f9e5c72bc50>
import 'importlib.util' # <_frozen_importlib_external.SourceFileLoader object at 0x7f9e5c725510>
# /usr/lib/python3.7/__pycache__/pkgutil.cpython-37.pyc matches /usr/lib/python3.7/pkgutil.py
# code object from '/usr/lib/python3.7/__pycache__/pkgutil.cpython-37.pyc'
# /usr/lib/python3.7/__pycache__/weakref.cpython-37.pyc matches /usr/lib/python3.7/weakref.py
# code object from '/usr/lib/python3.7/__pycache__/weakref.cpython-37.pyc'
# /usr/lib/python3.7/__pycache__/_weakrefset.cpython-37.pyc matches /usr/lib/python3.7/_weakrefset.py
# code object from '/usr/lib/python3.7/__pycache__/_weakrefset.cpython-37.pyc'
import '_weakrefset' # <_frozen_importlib_external.SourceFileLoader object at 0x7f9e5c6b0e90>
import 'weakref' # <_frozen_importlib_external.SourceFileLoader object at 0x7f9e5c6a7290>
import 'pkgutil' # <_frozen_importlib_external.SourceFileLoader object at 0x7f9e5c6c1090>
import 'runpy' # <_frozen_importlib_external.SourceFileLoader object at 0x7f9e5c70e4d0>
# /home/dustfinger/dev/test_pep_420/venv/lib/python3.7/site-packages/pep517/__pycache__/__init__.cpython-37.pyc matches /home/dustfinger/dev/test_pep_420/venv/lib/python3.7/site-packages/pep517/__init__.py
# code object from '/home/dustfinger/dev/test_pep_420/venv/lib/python3.7/site-packages/pep517/__pycache__/__init__.cpython-37.pyc'
import 'pep517' # <_frozen_importlib_external.SourceFileLoader object at 0x7f9e5c6b0410>
# /home/dustfinger/dev/test_pep_420/venv/lib/python3.7/site-packages/pep517/__pycache__/build.cpython-37.pyc matches /home/dustfinger/dev/test_pep_420/venv/lib/python3.7/site-packages/pep517/build.py
# code object from '/home/dustfinger/dev/test_pep_420/venv/lib/python3.7/site-packages/pep517/__pycache__/build.cpython-37.pyc'
# /usr/lib/python3.7/__pycache__/argparse.cpython-37.pyc matches /usr/lib/python3.7/argparse.py
# code object from '/usr/lib/python3.7/__pycache__/argparse.cpython-37.pyc'
# /usr/lib/python3.7/__pycache__/re.cpython-37.pyc matches /usr/lib/python3.7/re.py
# code object from '/usr/lib/python3.7/__pycache__/re.cpython-37.pyc'
# /usr/lib/python3.7/__pycache__/enum.cpython-37.pyc matches /usr/lib/python3.7/enum.py
# code object from '/usr/lib/python3.7/__pycache__/enum.cpython-37.pyc'
import 'enum' # <_frozen_importlib_external.SourceFileLoader object at 0x7f9e5c66df10>
# /usr/lib/python3.7/__pycache__/sre_compile.cpython-37.pyc matches /usr/lib/python3.7/sre_compile.py
# code object from '/usr/lib/python3.7/__pycache__/sre_compile.cpython-37.pyc'
import '_sre' # <class '_frozen_importlib.BuiltinImporter'>
# /usr/lib/python3.7/__pycache__/sre_parse.cpython-37.pyc matches /usr/lib/python3.7/sre_parse.py
# code object from '/usr/lib/python3.7/__pycache__/sre_parse.cpython-37.pyc'
# /usr/lib/python3.7/__pycache__/sre_constants.cpython-37.pyc matches /usr/lib/python3.7/sre_constants.py
# code object from '/usr/lib/python3.7/__pycache__/sre_constants.cpython-37.pyc'
import 'sre_constants' # <_frozen_importlib_external.SourceFileLoader object at 0x7f9e5c61bc90>
import 'sre_parse' # <_frozen_importlib_external.SourceFileLoader object at 0x7f9e5c60fd90>
import 'sre_compile' # <_frozen_importlib_external.SourceFileLoader object at 0x7f9e5c5ff0d0>
# /usr/lib/python3.7/__pycache__/copyreg.cpython-37.pyc matches /usr/lib/python3.7/copyreg.py
# code object from '/usr/lib/python3.7/__pycache__/copyreg.cpython-37.pyc'
import 'copyreg' # <_frozen_importlib_external.SourceFileLoader object at 0x7f9e5c627c50>
import 're' # <_frozen_importlib_external.SourceFileLoader object at 0x7f9e5c66a510>
# /usr/lib/python3.7/__pycache__/gettext.cpython-37.pyc matches /usr/lib/python3.7/gettext.py
# code object from '/usr/lib/python3.7/__pycache__/gettext.cpython-37.pyc'
# /usr/lib/python3.7/__pycache__/locale.cpython-37.pyc matches /usr/lib/python3.7/locale.py
# code object from '/usr/lib/python3.7/__pycache__/locale.cpython-37.pyc'
import 'locale' # <_frozen_importlib_external.SourceFileLoader object at 0x7f9e5c5bc350>
import 'gettext' # <_frozen_importlib_external.SourceFileLoader object at 0x7f9e5c66d590>
import 'argparse' # <_frozen_importlib_external.SourceFileLoader object at 0x7f9e5c643bd0>
# /usr/lib/python3.7/logging/__pycache__/__init__.cpython-37.pyc matches /usr/lib/python3.7/logging/__init__.py
# code object from '/usr/lib/python3.7/logging/__pycache__/__init__.cpython-37.pyc'
import 'time' # <class '_frozen_importlib.BuiltinImporter'>
# /usr/lib/python3.7/__pycache__/traceback.cpython-37.pyc matches /usr/lib/python3.7/traceback.py
# code object from '/usr/lib/python3.7/__pycache__/traceback.cpython-37.pyc'
# /usr/lib/python3.7/__pycache__/linecache.cpython-37.pyc matches /usr/lib/python3.7/linecache.py
# code object from '/usr/lib/python3.7/__pycache__/linecache.cpython-37.pyc'
# /usr/lib/python3.7/__pycache__/tokenize.cpython-37.pyc matches /usr/lib/python3.7/tokenize.py
# code object from '/usr/lib/python3.7/__pycache__/tokenize.cpython-37.pyc'
# /usr/lib/python3.7/__pycache__/token.cpython-37.pyc matches /usr/lib/python3.7/token.py
# code object from '/usr/lib/python3.7/__pycache__/token.cpython-37.pyc'
import 'token' # <_frozen_importlib_external.SourceFileLoader object at 0x7f9e5c5a3c10>
import 'tokenize' # <_frozen_importlib_external.SourceFileLoader object at 0x7f9e5c5937d0>
import 'linecache' # <_frozen_importlib_external.SourceFileLoader object at 0x7f9e5c5932d0>
import 'traceback' # <_frozen_importlib_external.SourceFileLoader object at 0x7f9e5c5893d0>
# /usr/lib/python3.7/collections/__pycache__/abc.cpython-37.pyc matches /usr/lib/python3.7/collections/abc.py
# code object from '/usr/lib/python3.7/collections/__pycache__/abc.cpython-37.pyc'
import 'collections.abc' # <_frozen_importlib_external.SourceFileLoader object at 0x7f9e5c598710>
# /usr/lib/python3.7/__pycache__/string.cpython-37.pyc matches /usr/lib/python3.7/string.py
# code object from '/usr/lib/python3.7/__pycache__/string.cpython-37.pyc'
import '_string' # <class '_frozen_importlib.BuiltinImporter'>
import 'string' # <_frozen_importlib_external.SourceFileLoader object at 0x7f9e5c593790>
# /usr/lib/python3.7/__pycache__/threading.cpython-37.pyc matches /usr/lib/python3.7/threading.py
# code object from '/usr/lib/python3.7/__pycache__/threading.cpython-37.pyc'
import 'threading' # <_frozen_importlib_external.SourceFileLoader object at 0x7f9e5c5b46d0>
import 'atexit' # <class '_frozen_importlib.BuiltinImporter'>
import 'logging' # <_frozen_importlib_external.SourceFileLoader object at 0x7f9e5c64d250>
# /home/dustfinger/dev/test_pep_420/venv/lib/python3.7/site-packages/toml/__pycache__/__init__.cpython-37.pyc matches /home/dustfinger/dev/test_pep_420/venv/lib/python3.7/site-packages/toml/__init__.py
# code object from '/home/dustfinger/dev/test_pep_420/venv/lib/python3.7/site-packages/toml/__pycache__/__init__.cpython-37.pyc'
# /home/dustfinger/dev/test_pep_420/venv/lib/python3.7/site-packages/toml/__pycache__/encoder.cpython-37.pyc matches /home/dustfinger/dev/test_pep_420/venv/lib/python3.7/site-packages/toml/encoder.py
# code object from '/home/dustfinger/dev/test_pep_420/venv/lib/python3.7/site-packages/toml/__pycache__/encoder.cpython-37.pyc'
# /usr/lib/python3.7/__pycache__/datetime.cpython-37.pyc matches /usr/lib/python3.7/datetime.py
# code object from '/usr/lib/python3.7/__pycache__/datetime.cpython-37.pyc'
# extension module 'math' loaded from '/usr/lib/python3.7/lib-dynload/math.cpython-37m-x86_64-linux-gnu.so'
# extension module 'math' executed from '/usr/lib/python3.7/lib-dynload/math.cpython-37m-x86_64-linux-gnu.so'
import 'math' # <_frozen_importlib_external.ExtensionFileLoader object at 0x7f9e5c4bfcd0>
# extension module '_datetime' loaded from '/usr/lib/python3.7/lib-dynload/_datetime.cpython-37m-x86_64-linux-gnu.so'
# extension module '_datetime' executed from '/usr/lib/python3.7/lib-dynload/_datetime.cpython-37m-x86_64-linux-gnu.so'
import '_datetime' # <_frozen_importlib_external.ExtensionFileLoader object at 0x7f9e5c4cf150>
import 'datetime' # <_frozen_importlib_external.SourceFileLoader object at 0x7f9e5c515ad0>
# /home/dustfinger/dev/test_pep_420/venv/lib/python3.7/site-packages/toml/__pycache__/decoder.cpython-37.pyc matches /home/dustfinger/dev/test_pep_420/venv/lib/python3.7/site-packages/toml/decoder.py
# code object from '/home/dustfinger/dev/test_pep_420/venv/lib/python3.7/site-packages/toml/__pycache__/decoder.cpython-37.pyc'
# /home/dustfinger/dev/test_pep_420/venv/lib/python3.7/site-packages/toml/__pycache__/tz.cpython-37.pyc matches /home/dustfinger/dev/test_pep_420/venv/lib/python3.7/site-packages/toml/tz.py
# code object from '/home/dustfinger/dev/test_pep_420/venv/lib/python3.7/site-packages/toml/__pycache__/tz.cpython-37.pyc'
import 'toml.tz' # <_frozen_importlib_external.SourceFileLoader object at 0x7f9e5c4cfc10>
import 'toml.decoder' # <_frozen_importlib_external.SourceFileLoader object at 0x7f9e5c515d90>
import 'toml.encoder' # <_frozen_importlib_external.SourceFileLoader object at 0x7f9e5c514390>
import 'toml' # <_frozen_importlib_external.SourceFileLoader object at 0x7f9e5c501bd0>
# /usr/lib/python3.7/__pycache__/shutil.cpython-37.pyc matches /usr/lib/python3.7/shutil.py
# code object from '/usr/lib/python3.7/__pycache__/shutil.cpython-37.pyc'
# /usr/lib/python3.7/__pycache__/fnmatch.cpython-37.pyc matches /usr/lib/python3.7/fnmatch.py
# code object from '/usr/lib/python3.7/__pycache__/fnmatch.cpython-37.pyc'
import 'fnmatch' # <_frozen_importlib_external.SourceFileLoader object at 0x7f9e5c4e1e90>
import 'errno' # <class '_frozen_importlib.BuiltinImporter'>
# extension module 'zlib' loaded from '/usr/lib/python3.7/lib-dynload/zlib.cpython-37m-x86_64-linux-gnu.so'
# extension module 'zlib' executed from '/usr/lib/python3.7/lib-dynload/zlib.cpython-37m-x86_64-linux-gnu.so'
import 'zlib' # <_frozen_importlib_external.ExtensionFileLoader object at 0x7f9e5c4e6910>
# /usr/lib/python3.7/__pycache__/bz2.cpython-37.pyc matches /usr/lib/python3.7/bz2.py
# code object from '/usr/lib/python3.7/__pycache__/bz2.cpython-37.pyc'
# /usr/lib/python3.7/__pycache__/_compression.cpython-37.pyc matches /usr/lib/python3.7/_compression.py
# code object from '/usr/lib/python3.7/__pycache__/_compression.cpython-37.pyc'
import '_compression' # <_frozen_importlib_external.SourceFileLoader object at 0x7f9e5c46d390>
# extension module '_bz2' loaded from '/usr/lib/python3.7/lib-dynload/_bz2.cpython-37m-x86_64-linux-gnu.so'
# extension module '_bz2' executed from '/usr/lib/python3.7/lib-dynload/_bz2.cpython-37m-x86_64-linux-gnu.so'
import '_bz2' # <_frozen_importlib_external.ExtensionFileLoader object at 0x7f9e5c46de50>
import 'bz2' # <_frozen_importlib_external.SourceFileLoader object at 0x7f9e5c4e8250>
# /usr/lib/python3.7/__pycache__/lzma.cpython-37.pyc matches /usr/lib/python3.7/lzma.py
# code object from '/usr/lib/python3.7/__pycache__/lzma.cpython-37.pyc'
# extension module '_lzma' loaded from '/usr/lib/python3.7/lib-dynload/_lzma.cpython-37m-x86_64-linux-gnu.so'
# extension module '_lzma' executed from '/usr/lib/python3.7/lib-dynload/_lzma.cpython-37m-x86_64-linux-gnu.so'
import '_lzma' # <_frozen_importlib_external.ExtensionFileLoader object at 0x7f9e5c4b42d0>
import 'lzma' # <_frozen_importlib_external.SourceFileLoader object at 0x7f9e5c4b7c50>
import 'pwd' # <class '_frozen_importlib.BuiltinImporter'>
# extension module 'grp' loaded from '/usr/lib/python3.7/lib-dynload/grp.cpython-37m-x86_64-linux-gnu.so'
# extension module 'grp' executed from '/usr/lib/python3.7/lib-dynload/grp.cpython-37m-x86_64-linux-gnu.so'
import 'grp' # <_frozen_importlib_external.ExtensionFileLoader object at 0x7f9e5c4ae510>
import 'shutil' # <_frozen_importlib_external.SourceFileLoader object at 0x7f9e5c501f90>
# /home/dustfinger/dev/test_pep_420/venv/lib/python3.7/site-packages/pep517/__pycache__/envbuild.cpython-37.pyc matches /home/dustfinger/dev/test_pep_420/venv/lib/python3.7/site-packages/pep517/envbuild.py
# code object from '/home/dustfinger/dev/test_pep_420/venv/lib/python3.7/site-packages/pep517/__pycache__/envbuild.cpython-37.pyc'
# /usr/lib/python3.7/__pycache__/subprocess.cpython-37.pyc matches /usr/lib/python3.7/subprocess.py
# code object from '/usr/lib/python3.7/__pycache__/subprocess.cpython-37.pyc'
# /usr/lib/python3.7/__pycache__/signal.cpython-37.pyc matches /usr/lib/python3.7/signal.py
# code object from '/usr/lib/python3.7/__pycache__/signal.cpython-37.pyc'
import 'signal' # <_frozen_importlib_external.SourceFileLoader object at 0x7f9e5c475150>
# extension module '_posixsubprocess' loaded from '/usr/lib/python3.7/lib-dynload/_posixsubprocess.cpython-37m-x86_64-linux-gnu.so'
# extension module '_posixsubprocess' executed from '/usr/lib/python3.7/lib-dynload/_posixsubprocess.cpython-37m-x86_64-linux-gnu.so'
import '_posixsubprocess' # <_frozen_importlib_external.ExtensionFileLoader object at 0x7f9e5c475090>
# extension module 'select' loaded from '/usr/lib/python3.7/lib-dynload/select.cpython-37m-x86_64-linux-gnu.so'
# extension module 'select' executed from '/usr/lib/python3.7/lib-dynload/select.cpython-37m-x86_64-linux-gnu.so'
import 'select' # <_frozen_importlib_external.ExtensionFileLoader object at 0x7f9e5c4757d0>
# /usr/lib/python3.7/__pycache__/selectors.cpython-37.pyc matches /usr/lib/python3.7/selectors.py
# code object from '/usr/lib/python3.7/__pycache__/selectors.cpython-37.pyc'
import 'selectors' # <_frozen_importlib_external.SourceFileLoader object at 0x7f9e5c47e310>
import 'subprocess' # <_frozen_importlib_external.SourceFileLoader object at 0x7f9e5c5282d0>
# /usr/lib/python3.7/__pycache__/sysconfig.cpython-37.pyc matches /usr/lib/python3.7/sysconfig.py
# code object from '/usr/lib/python3.7/__pycache__/sysconfig.cpython-37.pyc'
import 'sysconfig' # <_frozen_importlib_external.SourceFileLoader object at 0x7f9e5c526c10>
# /usr/lib/python3.7/__pycache__/tempfile.cpython-37.pyc matches /usr/lib/python3.7/tempfile.py
# code object from '/usr/lib/python3.7/__pycache__/tempfile.cpython-37.pyc'
# /usr/lib/python3.7/__pycache__/random.cpython-37.pyc matches /usr/lib/python3.7/random.py
# code object from '/usr/lib/python3.7/__pycache__/random.cpython-37.pyc'
# /usr/lib/python3.7/__pycache__/hashlib.cpython-37.pyc matches /usr/lib/python3.7/hashlib.py
# code object from '/usr/lib/python3.7/__pycache__/hashlib.cpython-37.pyc'
# extension module '_hashlib' loaded from '/usr/lib/python3.7/lib-dynload/_hashlib.cpython-37m-x86_64-linux-gnu.so'
# extension module '_hashlib' executed from '/usr/lib/python3.7/lib-dynload/_hashlib.cpython-37m-x86_64-linux-gnu.so'
import '_hashlib' # <_frozen_importlib_external.ExtensionFileLoader object at 0x7f9e5c4a7590>
# extension module '_blake2' loaded from '/usr/lib/python3.7/lib-dynload/_blake2.cpython-37m-x86_64-linux-gnu.so'
# extension module '_blake2' executed from '/usr/lib/python3.7/lib-dynload/_blake2.cpython-37m-x86_64-linux-gnu.so'
import '_blake2' # <_frozen_importlib_external.ExtensionFileLoader object at 0x7f9e5c3ab210>
# extension module '_sha3' loaded from '/usr/lib/python3.7/lib-dynload/_sha3.cpython-37m-x86_64-linux-gnu.so'
# extension module '_sha3' executed from '/usr/lib/python3.7/lib-dynload/_sha3.cpython-37m-x86_64-linux-gnu.so'
import '_sha3' # <_frozen_importlib_external.ExtensionFileLoader object at 0x7f9e5c3ab450>
import 'hashlib' # <_frozen_importlib_external.SourceFileLoader object at 0x7f9e5c4a2450>
# /usr/lib/python3.7/__pycache__/bisect.cpython-37.pyc matches /usr/lib/python3.7/bisect.py
# code object from '/usr/lib/python3.7/__pycache__/bisect.cpython-37.pyc'
# extension module '_bisect' loaded from '/usr/lib/python3.7/lib-dynload/_bisect.cpython-37m-x86_64-linux-gnu.so'
# extension module '_bisect' executed from '/usr/lib/python3.7/lib-dynload/_bisect.cpython-37m-x86_64-linux-gnu.so'
import '_bisect' # <_frozen_importlib_external.ExtensionFileLoader object at 0x7f9e5c4a7090>
import 'bisect' # <_frozen_importlib_external.SourceFileLoader object at 0x7f9e5c4a2b10>
# extension module '_random' loaded from '/usr/lib/python3.7/lib-dynload/_random.cpython-37m-x86_64-linux-gnu.so'
# extension module '_random' executed from '/usr/lib/python3.7/lib-dynload/_random.cpython-37m-x86_64-linux-gnu.so'
import '_random' # <_frozen_importlib_external.ExtensionFileLoader object at 0x7f9e5c4a2c90>
import 'random' # <_frozen_importlib_external.SourceFileLoader object at 0x7f9e5c497b90>
import 'tempfile' # <_frozen_importlib_external.SourceFileLoader object at 0x7f9e5c518750>
# /home/dustfinger/dev/test_pep_420/venv/lib/python3.7/site-packages/pep517/__pycache__/wrappers.cpython-37.pyc matches /home/dustfinger/dev/test_pep_420/venv/lib/python3.7/site-packages/pep517/wrappers.py
# code object from '/home/dustfinger/dev/test_pep_420/venv/lib/python3.7/site-packages/pep517/__pycache__/wrappers.cpython-37.pyc'
# /home/dustfinger/dev/test_pep_420/venv/lib/python3.7/site-packages/pep517/__pycache__/compat.cpython-37.pyc matches /home/dustfinger/dev/test_pep_420/venv/lib/python3.7/site-packages/pep517/compat.py
# code object from '/home/dustfinger/dev/test_pep_420/venv/lib/python3.7/site-packages/pep517/__pycache__/compat.cpython-37.pyc'
# /usr/lib/python3.7/json/__pycache__/__init__.cpython-37.pyc matches /usr/lib/python3.7/json/__init__.py
# code object from '/usr/lib/python3.7/json/__pycache__/__init__.cpython-37.pyc'
# /usr/lib/python3.7/json/__pycache__/decoder.cpython-37.pyc matches /usr/lib/python3.7/json/decoder.py
# code object from '/usr/lib/python3.7/json/__pycache__/decoder.cpython-37.pyc'
# /usr/lib/python3.7/json/__pycache__/scanner.cpython-37.pyc matches /usr/lib/python3.7/json/scanner.py
# code object from '/usr/lib/python3.7/json/__pycache__/scanner.cpython-37.pyc'
# extension module '_json' loaded from '/usr/lib/python3.7/lib-dynload/_json.cpython-37m-x86_64-linux-gnu.so'
# extension module '_json' executed from '/usr/lib/python3.7/lib-dynload/_json.cpython-37m-x86_64-linux-gnu.so'
import '_json' # <_frozen_importlib_external.ExtensionFileLoader object at 0x7f9e5c3bfdd0>
import 'json.scanner' # <_frozen_importlib_external.SourceFileLoader object at 0x7f9e5c3bf890>
import 'json.decoder' # <_frozen_importlib_external.SourceFileLoader object at 0x7f9e5c3bc510>
# /usr/lib/python3.7/json/__pycache__/encoder.cpython-37.pyc matches /usr/lib/python3.7/json/encoder.py
# code object from '/usr/lib/python3.7/json/__pycache__/encoder.cpython-37.pyc'
import 'json.encoder' # <_frozen_importlib_external.SourceFileLoader object at 0x7f9e5c3bf650>
import 'json' # <_frozen_importlib_external.SourceFileLoader object at 0x7f9e5c3b7c50>
import 'pep517.compat' # <_frozen_importlib_external.SourceFileLoader object at 0x7f9e5c3b7910>
# /usr/lib/python3.7/importlib/__pycache__/resources.cpython-37.pyc matches /usr/lib/python3.7/importlib/resources.py
# code object from '/usr/lib/python3.7/importlib/__pycache__/resources.cpython-37.pyc'
# /usr/lib/python3.7/__pycache__/pathlib.cpython-37.pyc matches /usr/lib/python3.7/pathlib.py
# code object from '/usr/lib/python3.7/__pycache__/pathlib.cpython-37.pyc'
# /usr/lib/python3.7/__pycache__/ntpath.cpython-37.pyc matches /usr/lib/python3.7/ntpath.py
# code object from '/usr/lib/python3.7/__pycache__/ntpath.cpython-37.pyc'
import 'ntpath' # <_frozen_importlib_external.SourceFileLoader object at 0x7f9e5c07e150>
# /usr/lib/python3.7/urllib/__pycache__/__init__.cpython-37.pyc matches /usr/lib/python3.7/urllib/__init__.py
# code object from '/usr/lib/python3.7/urllib/__pycache__/__init__.cpython-37.pyc'
import 'urllib' # <_frozen_importlib_external.SourceFileLoader object at 0x7f9e5c0844d0>
# /usr/lib/python3.7/urllib/__pycache__/parse.cpython-37.pyc matches /usr/lib/python3.7/urllib/parse.py
# code object from '/usr/lib/python3.7/urllib/__pycache__/parse.cpython-37.pyc'
import 'urllib.parse' # <_frozen_importlib_external.SourceFileLoader object at 0x7f9e5c084510>
import 'pathlib' # <_frozen_importlib_external.SourceFileLoader object at 0x7f9e5c3cb410>
# /usr/lib/python3.7/__pycache__/typing.cpython-37.pyc matches /usr/lib/python3.7/typing.py
# code object from '/usr/lib/python3.7/__pycache__/typing.cpython-37.pyc'
import 'typing' # <_frozen_importlib_external.SourceFileLoader object at 0x7f9e5c3cbdd0>
import 'importlib.resources' # <_frozen_importlib_external.SourceFileLoader object at 0x7f9e5c3b7b10>
import 'pep517.wrappers' # <_frozen_importlib_external.SourceFileLoader object at 0x7f9e5c4a2ed0>
import 'pep517.envbuild' # <_frozen_importlib_external.SourceFileLoader object at 0x7f9e5c4e17d0>
# /home/dustfinger/dev/test_pep_420/venv/lib/python3.7/site-packages/pep517/__pycache__/dirtools.cpython-37.pyc matches /home/dustfinger/dev/test_pep_420/venv/lib/python3.7/site-packages/pep517/dirtools.py
# code object from '/home/dustfinger/dev/test_pep_420/venv/lib/python3.7/site-packages/pep517/__pycache__/dirtools.cpython-37.pyc'
# /usr/lib/python3.7/__pycache__/zipfile.cpython-37.pyc matches /usr/lib/python3.7/zipfile.py
# code object from '/usr/lib/python3.7/__pycache__/zipfile.cpython-37.pyc'
# /usr/lib/python3.7/__pycache__/struct.cpython-37.pyc matches /usr/lib/python3.7/struct.py
# code object from '/usr/lib/python3.7/__pycache__/struct.cpython-37.pyc'
# extension module '_struct' loaded from '/usr/lib/python3.7/lib-dynload/_struct.cpython-37m-x86_64-linux-gnu.so'
# extension module '_struct' executed from '/usr/lib/python3.7/lib-dynload/_struct.cpython-37m-x86_64-linux-gnu.so'
import '_struct' # <_frozen_importlib_external.ExtensionFileLoader object at 0x7f9e5c07d110>
import 'struct' # <_frozen_importlib_external.SourceFileLoader object at 0x7f9e5c079d10>
# extension module 'binascii' loaded from '/usr/lib/python3.7/lib-dynload/binascii.cpython-37m-x86_64-linux-gnu.so'
# extension module 'binascii' executed from '/usr/lib/python3.7/lib-dynload/binascii.cpython-37m-x86_64-linux-gnu.so'
import 'binascii' # <_frozen_importlib_external.ExtensionFileLoader object at 0x7f9e5c07d290>
import 'zipfile' # <_frozen_importlib_external.SourceFileLoader object at 0x7f9e5c05e410>
import 'pep517.dirtools' # <_frozen_importlib_external.SourceFileLoader object at 0x7f9e5c4a2dd0>
# /usr/lib/python3.7/__pycache__/_sysconfigdata_m_linux_x86_64-linux-gnu.cpython-37.pyc matches /usr/lib/python3.7/_sysconfigdata_m_linux_x86_64-linux-gnu.py
# code object from '/usr/lib/python3.7/__pycache__/_sysconfigdata_m_linux_x86_64-linux-gnu.cpython-37.pyc'
import '_sysconfigdata_m_linux_x86_64-linux-gnu' # <_frozen_importlib_external.SourceFileLoader object at 0x7f9e5c75f710>
# cleanup[3] wiping builtins
# destroy json.scanner
# destroy json.decoder
# destroy json.encoder
# destroy _json
# destroy fnmatch
# destroy _stat
# destroy abc
# destroy contextlib
# destroy operator
# destroy _imp
# destroy _frozen_importlib_external
# destroy types
# destroy importlib.machinery
# destroy importlib.abc
# destroy importlib.util
# destroy ntpath
# destroy posixpath
# destroy functools
# destroy tokenize
# destroy _sre
# destroy sre_parse
# destroy _heapq
PyThreadState_Clear: warning: thread still has a frame
PyThreadState_Clear: warning: thread still has a frame
PyThreadState_Clear: warning: thread still has a frame
PyThreadState_Clear: warning: thread still has a frame
PyThreadState_Clear: warning: thread still has a frame
PyThreadState_Clear: warning: thread still has a frame
# destroy _frozen_importlib
